  Source.cpp
c:\users\st091468\source\repos\2023.05.11-async\project1\source.cpp(24): error C2672: "std::min": не найдена соответствующая перегруженная функция
c:\users\st091468\source\repos\2023.05.11-async\project1\source.cpp(24): error C2780: _Ty std::min(std::initializer_list<_Elem>): требует аргументов: 1, имеется: 2
  c:\program files (x86)\microsoft visual studio\2017\professional\vc\tools\msvc\14.16.27023\include\algorithm(5439): note:  см. объявление "std::min"
c:\users\st091468\source\repos\2023.05.11-async\project1\source.cpp(24): error C2782: const _Ty &std::min(const _Ty &,const _Ty &) noexcept(<expr>): в шаблон параметр "_Ty" неоднозначен
  c:\program files (x86)\microsoft visual studio\2017\professional\vc\tools\msvc\14.16.27023\include\algorithm(5425): note:  см. объявление "std::min"
  c:\users\st091468\source\repos\2023.05.11-async\project1\source.cpp(24): note: может быть "unsigned int"
  c:\users\st091468\source\repos\2023.05.11-async\project1\source.cpp(24): note: или       "int"
c:\users\st091468\source\repos\2023.05.11-async\project1\source.cpp(24): error C2784: const _Ty &std::min(const _Ty &,const _Ty &) noexcept(<expr>): не удалось вывести аргумент шаблон для "const _Ty &" из "unsigned int"
  c:\program files (x86)\microsoft visual studio\2017\professional\vc\tools\msvc\14.16.27023\include\algorithm(5425): note:  см. объявление "std::min"
c:\users\st091468\source\repos\2023.05.11-async\project1\source.cpp(24): error C2784: _Ty std::min(std::initializer_list<_Elem>,_Pr): не удалось вывести аргумент шаблон для "std::initializer_list<_Elem>" из "int"
  c:\program files (x86)\microsoft visual studio\2017\professional\vc\tools\msvc\14.16.27023\include\algorithm(5415): note:  см. объявление "std::min"
c:\users\st091468\source\repos\2023.05.11-async\project1\source.cpp(24): error C2780: const _Ty &std::min(const _Ty &,const _Ty &,_Pr) noexcept(<expr>): требует аргументов: 3, имеется: 2
  c:\program files (x86)\microsoft visual studio\2017\professional\vc\tools\msvc\14.16.27023\include\algorithm(5407): note:  см. объявление "std::min"
c:\users\st091468\source\repos\2023.05.11-async\project1\source.cpp(55): error C2679: бинарный ">>": не найден оператор, принимающий правый операнд типа "std::string" (или приемлемое преобразование отсутствует)
  c:\program files (x86)\microsoft visual studio\2017\professional\vc\tools\msvc\14.16.27023\include\istream(333): note: может быть "std::basic_istream<char,std::char_traits<char>> &std::basic_istream<char,std::char_traits<char>>::operator >>(std::basic_streambuf<char,std::char_traits<char>> *)"
  c:\program files (x86)\microsoft visual studio\2017\professional\vc\tools\msvc\14.16.27023\include\istream(328): note: или       "std::basic_istream<char,std::char_traits<char>> &std::basic_istream<char,std::char_traits<char>>::operator >>(void *&)"
  c:\program files (x86)\microsoft visual studio\2017\professional\vc\tools\msvc\14.16.27023\include\istream(323): note: или       "std::basic_istream<char,std::char_traits<char>> &std::basic_istream<char,std::char_traits<char>>::operator >>(long double &)"
  c:\program files (x86)\microsoft visual studio\2017\professional\vc\tools\msvc\14.16.27023\include\istream(318): note: или       "std::basic_istream<char,std::char_traits<char>> &std::basic_istream<char,std::char_traits<char>>::operator >>(double &)"
  c:\program files (x86)\microsoft visual studio\2017\professional\vc\tools\msvc\14.16.27023\include\istream(313): note: или       "std::basic_istream<char,std::char_traits<char>> &std::basic_istream<char,std::char_traits<char>>::operator >>(float &)"
  c:\program files (x86)\microsoft visual studio\2017\professional\vc\tools\msvc\14.16.27023\include\istream(308): note: или       "std::basic_istream<char,std::char_traits<char>> &std::basic_istream<char,std::char_traits<char>>::operator >>(unsigned __int64 &)"
  c:\program files (x86)\microsoft visual studio\2017\professional\vc\tools\msvc\14.16.27023\include\istream(303): note: или       "std::basic_istream<char,std::char_traits<char>> &std::basic_istream<char,std::char_traits<char>>::operator >>(__int64 &)"
  c:\program files (x86)\microsoft visual studio\2017\professional\vc\tools\msvc\14.16.27023\include\istream(298): note: или       "std::basic_istream<char,std::char_traits<char>> &std::basic_istream<char,std::char_traits<char>>::operator >>(unsigned long &)"
  c:\program files (x86)\microsoft visual studio\2017\professional\vc\tools\msvc\14.16.27023\include\istream(293): note: или       "std::basic_istream<char,std::char_traits<char>> &std::basic_istream<char,std::char_traits<char>>::operator >>(long &)"
  c:\program files (x86)\microsoft visual studio\2017\professional\vc\tools\msvc\14.16.27023\include\istream(288): note: или       "std::basic_istream<char,std::char_traits<char>> &std::basic_istream<char,std::char_traits<char>>::operator >>(unsigned int &)"
  c:\program files (x86)\microsoft visual studio\2017\professional\vc\tools\msvc\14.16.27023\include\istream(278): note: или       "std::basic_istream<char,std::char_traits<char>> &std::basic_istream<char,std::char_traits<char>>::operator >>(int &)"
  c:\program files (x86)\microsoft visual studio\2017\professional\vc\tools\msvc\14.16.27023\include\istream(273): note: или       "std::basic_istream<char,std::char_traits<char>> &std::basic_istream<char,std::char_traits<char>>::operator >>(unsigned short &)"
  c:\program files (x86)\microsoft visual studio\2017\professional\vc\tools\msvc\14.16.27023\include\istream(233): note: или       "std::basic_istream<char,std::char_traits<char>> &std::basic_istream<char,std::char_traits<char>>::operator >>(short &)"
  c:\program files (x86)\microsoft visual studio\2017\professional\vc\tools\msvc\14.16.27023\include\istream(228): note: или       "std::basic_istream<char,std::char_traits<char>> &std::basic_istream<char,std::char_traits<char>>::operator >>(bool &)"
  c:\program files (x86)\microsoft visual studio\2017\professional\vc\tools\msvc\14.16.27023\include\istream(203): note: или       "std::basic_istream<char,std::char_traits<char>> &std::basic_istream<char,std::char_traits<char>>::operator >>(std::ios_base &(__cdecl *)(std::ios_base &))"
  c:\program files (x86)\microsoft visual studio\2017\professional\vc\tools\msvc\14.16.27023\include\istream(197): note: или       "std::basic_istream<char,std::char_traits<char>> &std::basic_istream<char,std::char_traits<char>>::operator >>(std::basic_ios<char,std::char_traits<char>> &(__cdecl *)(std::basic_ios<char,std::char_traits<char>> &))"
  c:\program files (x86)\microsoft visual studio\2017\professional\vc\tools\msvc\14.16.27023\include\istream(192): note: или       "std::basic_istream<char,std::char_traits<char>> &std::basic_istream<char,std::char_traits<char>>::operator >>(std::basic_istream<char,std::char_traits<char>> &(__cdecl *)(std::basic_istream<char,std::char_traits<char>> &))"
  c:\program files (x86)\microsoft visual studio\2017\professional\vc\tools\msvc\14.16.27023\include\istream(940): note: или       "std::basic_istream<char,std::char_traits<char>> &std::operator >><std::char_traits<char>>(std::basic_istream<char,std::char_traits<char>> &,unsigned char &)"
  c:\program files (x86)\microsoft visual studio\2017\professional\vc\tools\msvc\14.16.27023\include\istream(933): note: или       "std::basic_istream<char,std::char_traits<char>> &std::operator >><std::char_traits<char>>(std::basic_istream<char,std::char_traits<char>> &,unsigned char *)"
  c:\program files (x86)\microsoft visual studio\2017\professional\vc\tools\msvc\14.16.27023\include\istream(926): note: или       "std::basic_istream<char,std::char_traits<char>> &std::operator >><std::char_traits<char>>(std::basic_istream<char,std::char_traits<char>> &,signed char &)"
  c:\program files (x86)\microsoft visual studio\2017\professional\vc\tools\msvc\14.16.27023\include\istream(919): note: или       "std::basic_istream<char,std::char_traits<char>> &std::operator >><std::char_traits<char>>(std::basic_istream<char,std::char_traits<char>> &,signed char *)"
  c:\users\st091468\source\repos\2023.05.11-async\project1\source.cpp(55): note: при попытке сопоставить список аргументов "(std::istream, std::string)"
